<?xml version="1.0" encoding="UTF-8" ?>
<testsuite tests="35" failures="10" name="microservices.book.MultiplicationFeatureTest" time="0.04" errors="0" skipped="8">
  <properties>
[...]
</properties>
  <testcase classname="Scenario: The user sends a first right attempt and gets a badge" name="When the user john_snow sends 1 right attempts" time="0"/>
  <testcase classname="Scenario: The user sends a first right attempt and gets a badge" name="Then the user gets a response indicating the attempt is right" time="0"/>
  <testcase classname="Scenario: The user sends a first right attempt and gets a badge" name="And the user gets 10 points for the attempt" time="0">
    <failure message="expected:&lt;[1]0&gt; but was:&lt;[]0&gt;" type="org.junit.ComparisonFailure">org.junit.ComparisonFailure: expected:&lt;[1]0&gt; but was:&lt;[]0&gt;
	at sun.reflect.NativeConstructorAccessorImpl.newInstance0(Native Method)
	at sun.reflect.NativeConstructorAccessorImpl.newInstance(NativeConstructorAccessorImpl.java:62)
	at sun.reflect.DelegatingConstructorAccessorImpl.newInstance(DelegatingConstructorAccessorImpl.java:45)
	at microservices.book.MultiplicationFeatureSteps.the_user_gets_points_for_the_attempt(MultiplicationFeatureSteps.java:56)
	at ✽.And the user gets 10 points for the attempt(src/test/resources/multiplication.feature:14)
</failure>
  </testcase>
  <testcase classname="Scenario: The user sends a first right attempt and gets a badge" name="Scenario: The user sends a first right attempt and gets a badge" time="0">
    <failure message="expected:&lt;[1]0&gt; but was:&lt;[]0&gt;" type="org.junit.ComparisonFailure">org.junit.ComparisonFailure: expected:&lt;[1]0&gt; but was:&lt;[]0&gt;
	at sun.reflect.NativeConstructorAccessorImpl.newInstance0(Native Method)
	at sun.reflect.NativeConstructorAccessorImpl.newInstance(NativeConstructorAccessorImpl.java:62)
	at sun.reflect.DelegatingConstructorAccessorImpl.newInstance(DelegatingConstructorAccessorImpl.java:45)
	at microservices.book.MultiplicationFeatureSteps.the_user_gets_points_for_the_attempt(MultiplicationFeatureSteps.java:56)
	at ✽.And the user gets 10 points for the attempt(src/test/resources/multiplication.feature:14)
</failure>
  </testcase>
  <testcase classname="Scenario: The user sends a first right attempt and gets a badge" name="And the user gets the FIRST_WON badge" time="0">
    <skipped/>
  </testcase>
  <testcase classname="Scenario: The user sends a second right attempt and gets points only" name="Given the user john_snow sends 1 right attempts" time="0"/>
  <testcase classname="Scenario: The user sends a second right attempt and gets points only" name="And the user gets the FIRST_WON badge" time="0.005">
    <failure message="
Expecting:
 &lt;[]&gt;
to contain:
 &lt;[&quot;FIRST_WON&quot;]&gt;
but could not find:
 &lt;[&quot;FIRST_WON&quot;]&gt;
" type="java.lang.AssertionError">java.lang.AssertionError: 
Expecting:
 &lt;[]&gt;
to contain:
 &lt;[&quot;FIRST_WON&quot;]&gt;
but could not find:
 &lt;[&quot;FIRST_WON&quot;]&gt;

	at microservices.book.MultiplicationFeatureSteps.the_user_gets_the_type_badge(MultiplicationFeatureSteps.java:65)
	at ✽.And the user gets the FIRST_WON badge(src/test/resources/multiplication.feature:19)
</failure>
  </testcase>
  <testcase classname="Scenario: The user sends a second right attempt and gets points only" name="Scenario: The user sends a second right attempt and gets points only" time="0.006">
    <failure message="
Expecting:
 &lt;[]&gt;
to contain:
 &lt;[&quot;FIRST_WON&quot;]&gt;
but could not find:
 &lt;[&quot;FIRST_WON&quot;]&gt;
" type="java.lang.AssertionError">java.lang.AssertionError: 
Expecting:
 &lt;[]&gt;
to contain:
 &lt;[&quot;FIRST_WON&quot;]&gt;
but could not find:
 &lt;[&quot;FIRST_WON&quot;]&gt;

	at microservices.book.MultiplicationFeatureSteps.the_user_gets_the_type_badge(MultiplicationFeatureSteps.java:65)
	at ✽.And the user gets the FIRST_WON badge(src/test/resources/multiplication.feature:19)
</failure>
  </testcase>
  <testcase classname="Scenario: The user sends a second right attempt and gets points only" name="When the user john_snow sends 1 right attempts" time="0.006">
    <skipped/>
  </testcase>
  <testcase classname="Scenario: The user sends a second right attempt and gets points only" name="Then the user gets a response indicating the attempt is right" time="0.006">
    <skipped/>
  </testcase>
  <testcase classname="Scenario: The user sends a second right attempt and gets points only" name="And the user gets 10 points for the attempt" time="0.006">
    <skipped/>
  </testcase>
  <testcase classname="Scenario: The user sends a second right attempt and gets points only" name="And the user does not get any badge" time="0.006">
    <skipped/>
  </testcase>
  <testcase classname="Scenario: The user sends a wrong attempt and gets nothing" name="When the user john_snow sends 1 wrong attempts" time="0"/>
  <testcase classname="Scenario: The user sends a wrong attempt and gets nothing" name="Then the user gets a response indicating the attempt is wrong" time="0"/>
  <testcase classname="Scenario: The user sends a wrong attempt and gets nothing" name="And the user gets 0 points for the attempt" time="0"/>
  <testcase classname="Scenario: The user sends a wrong attempt and gets nothing" name="And the user does not get any badge" time="0"/>
  <testcase classname="Scenario: The user sends a wrong attempt and gets nothing" name="Scenario: The user sends a wrong attempt and gets nothing" time="0"/>
  <testcase classname="| 9 | BRONZE_MULTIPLICATOR |" name="Given the user john_snow sends 9 right attempts" time="0"/>
  <testcase classname="| 9 | BRONZE_MULTIPLICATOR |" name="When the user john_snow sends 1 right attempts" time="0"/>
  <testcase classname="| 9 | BRONZE_MULTIPLICATOR |" name="Then the user gets a response indicating the attempt is right" time="0"/>
  <testcase classname="| 9 | BRONZE_MULTIPLICATOR |" name="And the user gets 10 points for the attempt" time="0">
    <failure message="expected:&lt;[1]0&gt; but was:&lt;[]0&gt;" type="org.junit.ComparisonFailure">org.junit.ComparisonFailure: expected:&lt;[1]0&gt; but was:&lt;[]0&gt;
	at sun.reflect.NativeConstructorAccessorImpl.newInstance0(Native Method)
	at sun.reflect.NativeConstructorAccessorImpl.newInstance(NativeConstructorAccessorImpl.java:62)
	at sun.reflect.DelegatingConstructorAccessorImpl.newInstance(DelegatingConstructorAccessorImpl.java:45)
	at microservices.book.MultiplicationFeatureSteps.the_user_gets_points_for_the_attempt(MultiplicationFeatureSteps.java:56)
	at ✽.And the user gets 10 points for the attempt(src/test/resources/multiplication.feature:36)
</failure>
  </testcase>
  <testcase classname="| 9 | BRONZE_MULTIPLICATOR |" name="| 9 | BRONZE_MULTIPLICATOR |" time="0">
    <failure message="expected:&lt;[1]0&gt; but was:&lt;[]0&gt;" type="org.junit.ComparisonFailure">org.junit.ComparisonFailure: expected:&lt;[1]0&gt; but was:&lt;[]0&gt;
	at sun.reflect.NativeConstructorAccessorImpl.newInstance0(Native Method)
	at sun.reflect.NativeConstructorAccessorImpl.newInstance(NativeConstructorAccessorImpl.java:62)
	at sun.reflect.DelegatingConstructorAccessorImpl.newInstance(DelegatingConstructorAccessorImpl.java:45)
	at microservices.book.MultiplicationFeatureSteps.the_user_gets_points_for_the_attempt(MultiplicationFeatureSteps.java:56)
	at ✽.And the user gets 10 points for the attempt(src/test/resources/multiplication.feature:36)
</failure>
  </testcase>
  <testcase classname="| 9 | BRONZE_MULTIPLICATOR |" name="And the user gets the BRONZE_MULTIPLICATOR badge" time="0">
    <skipped/>
  </testcase>
  <testcase classname="| 49 | SILVER_MULTIPLICATOR |" name="Given the user john_snow sends 49 right attempts" time="0"/>
  <testcase classname="| 49 | SILVER_MULTIPLICATOR |" name="When the user john_snow sends 1 right attempts" time="0"/>
  <testcase classname="| 49 | SILVER_MULTIPLICATOR |" name="Then the user gets a response indicating the attempt is right" time="0"/>
  <testcase classname="| 49 | SILVER_MULTIPLICATOR |" name="And the user gets 10 points for the attempt" time="0.001">
    <failure message="expected:&lt;[1]0&gt; but was:&lt;[]0&gt;" type="org.junit.ComparisonFailure">org.junit.ComparisonFailure: expected:&lt;[1]0&gt; but was:&lt;[]0&gt;
	at sun.reflect.NativeConstructorAccessorImpl.newInstance0(Native Method)
	at sun.reflect.NativeConstructorAccessorImpl.newInstance(NativeConstructorAccessorImpl.java:62)
	at sun.reflect.DelegatingConstructorAccessorImpl.newInstance(DelegatingConstructorAccessorImpl.java:45)
	at microservices.book.MultiplicationFeatureSteps.the_user_gets_points_for_the_attempt(MultiplicationFeatureSteps.java:56)
	at ✽.And the user gets 10 points for the attempt(src/test/resources/multiplication.feature:36)
</failure>
  </testcase>
  <testcase classname="| 49 | SILVER_MULTIPLICATOR |" name="| 49 | SILVER_MULTIPLICATOR |" time="0.001">
    <failure message="expected:&lt;[1]0&gt; but was:&lt;[]0&gt;" type="org.junit.ComparisonFailure">org.junit.ComparisonFailure: expected:&lt;[1]0&gt; but was:&lt;[]0&gt;
	at sun.reflect.NativeConstructorAccessorImpl.newInstance0(Native Method)
	at sun.reflect.NativeConstructorAccessorImpl.newInstance(NativeConstructorAccessorImpl.java:62)
	at sun.reflect.DelegatingConstructorAccessorImpl.newInstance(DelegatingConstructorAccessorImpl.java:45)
	at microservices.book.MultiplicationFeatureSteps.the_user_gets_points_for_the_attempt(MultiplicationFeatureSteps.java:56)
	at ✽.And the user gets 10 points for the attempt(src/test/resources/multiplication.feature:36)
</failure>
  </testcase>
  <testcase classname="| 49 | SILVER_MULTIPLICATOR |" name="And the user gets the SILVER_MULTIPLICATOR badge" time="0.003">
    <skipped/>
  </testcase>
  <testcase classname="| 99 | GOLD_MULTIPLICATOR |" name="Given the user john_snow sends 99 right attempts" time="0"/>
  <testcase classname="| 99 | GOLD_MULTIPLICATOR |" name="When the user john_snow sends 1 right attempts" time="0"/>
  <testcase classname="| 99 | GOLD_MULTIPLICATOR |" name="Then the user gets a response indicating the attempt is right" time="0"/>
  <testcase classname="| 99 | GOLD_MULTIPLICATOR |" name="And the user gets 10 points for the attempt" time="0">
    <failure message="expected:&lt;[1]0&gt; but was:&lt;[]0&gt;" type="org.junit.ComparisonFailure">org.junit.ComparisonFailure: expected:&lt;[1]0&gt; but was:&lt;[]0&gt;
	at sun.reflect.NativeConstructorAccessorImpl.newInstance0(Native Method)
	at sun.reflect.NativeConstructorAccessorImpl.newInstance(NativeConstructorAccessorImpl.java:62)
	at sun.reflect.DelegatingConstructorAccessorImpl.newInstance(DelegatingConstructorAccessorImpl.java:45)
	at microservices.book.MultiplicationFeatureSteps.the_user_gets_points_for_the_attempt(MultiplicationFeatureSteps.java:56)
	at ✽.And the user gets 10 points for the attempt(src/test/resources/multiplication.feature:36)
</failure>
  </testcase>
  <testcase classname="| 99 | GOLD_MULTIPLICATOR |" name="| 99 | GOLD_MULTIPLICATOR |" time="0">
    <failure message="expected:&lt;[1]0&gt; but was:&lt;[]0&gt;" type="org.junit.ComparisonFailure">org.junit.ComparisonFailure: expected:&lt;[1]0&gt; but was:&lt;[]0&gt;
	at sun.reflect.NativeConstructorAccessorImpl.newInstance0(Native Method)
	at sun.reflect.NativeConstructorAccessorImpl.newInstance(NativeConstructorAccessorImpl.java:62)
	at sun.reflect.DelegatingConstructorAccessorImpl.newInstance(DelegatingConstructorAccessorImpl.java:45)
	at microservices.book.MultiplicationFeatureSteps.the_user_gets_points_for_the_attempt(MultiplicationFeatureSteps.java:56)
	at ✽.And the user gets 10 points for the attempt(src/test/resources/multiplication.feature:36)
</failure>
  </testcase>
  <testcase classname="| 99 | GOLD_MULTIPLICATOR |" name="And the user gets the GOLD_MULTIPLICATOR badge" time="0">
    <skipped/>
  </testcase>
</testsuite>